{
  message: 'Database connected Successfully...',
  level: 'info',
  label: 'UM',
  timestamp: '2024-09-29T07:06:46.791Z'
}
{
  message: 'Example app listening on port 5000',
  level: 'info',
  label: 'UM',
  timestamp: '2024-09-29T07:06:46.808Z'
}
{
  message: 'Database connected Successfully...',
  level: 'info',
  label: 'UM',
  timestamp: '2024-09-29T07:06:53.118Z'
}
{
  message: 'Example app listening on port 5000',
  level: 'info',
  label: 'UM',
  timestamp: '2024-09-29T07:06:53.126Z'
}
{
  message: 'Database connected Successfully...',
  level: 'info',
  label: 'UM',
  timestamp: '2024-09-29T07:07:04.928Z'
}
{
  message: 'Example app listening on port 5000',
  level: 'info',
  label: 'UM',
  timestamp: '2024-09-29T07:07:04.936Z'
}
{
  message: 'Database connected Successfully...',
  level: 'info',
  label: 'UM',
  timestamp: '2024-09-29T07:07:09.041Z'
}
{
  message: 'Example app listening on port 5000',
  level: 'info',
  label: 'UM',
  timestamp: '2024-09-29T07:07:09.052Z'
}
{
  message: 'Database connected Successfully...',
  level: 'info',
  label: 'UM',
  timestamp: '2024-09-29T07:07:15.912Z'
}
{
  message: 'Example app listening on port 5000',
  level: 'info',
  label: 'UM',
  timestamp: '2024-09-29T07:07:15.926Z'
}
{
  message: 'Database connected Successfully...',
  level: 'info',
  label: 'UM',
  timestamp: '2024-09-29T07:07:28.120Z'
}
{
  message: 'Example app listening on port 5000',
  level: 'info',
  label: 'UM',
  timestamp: '2024-09-29T07:07:28.133Z'
}
{
  message: 'Database connected Successfully...',
  level: 'info',
  label: 'UM',
  timestamp: '2024-09-29T07:07:49.585Z'
}
{
  message: 'Example app listening on port 5000',
  level: 'info',
  label: 'UM',
  timestamp: '2024-09-29T07:07:49.594Z'
}
{
  message: 'Database connected Successfully...',
  level: 'info',
  label: 'UM',
  timestamp: '2024-09-29T07:07:58.699Z'
}
{
  message: 'Example app listening on port 5000',
  level: 'info',
  label: 'UM',
  timestamp: '2024-09-29T07:07:58.727Z'
}
{
  message: 'Database connected Successfully...',
  level: 'info',
  label: 'UM',
  timestamp: '2024-09-29T07:08:03.669Z'
}
{
  message: 'Example app listening on port 5000',
  level: 'info',
  label: 'UM',
  timestamp: '2024-09-29T07:08:03.703Z'
}
{
  message: 'Database connected Successfully...',
  level: 'info',
  label: 'UM',
  timestamp: '2024-09-29T07:08:07.799Z'
}
{
  message: 'Example app listening on port 5000',
  level: 'info',
  label: 'UM',
  timestamp: '2024-09-29T07:08:07.806Z'
}
{
  message: 'Database connected Successfully...',
  level: 'info',
  label: 'UM',
  timestamp: '2024-09-29T07:08:22.462Z'
}
{
  message: 'Example app listening on port 5000',
  level: 'info',
  label: 'UM',
  timestamp: '2024-09-29T07:08:22.471Z'
}
{
  message: 'Database connected Successfully...',
  level: 'info',
  label: 'UM',
  timestamp: '2024-09-29T07:08:24.350Z'
}
{
  message: 'Example app listening on port 5000',
  level: 'info',
  label: 'UM',
  timestamp: '2024-09-29T07:08:24.359Z'
}
{
  message: 'Database connected Successfully...',
  level: 'info',
  label: 'UM',
  timestamp: '2024-09-29T07:08:49.125Z'
}
{
  message: 'Example app listening on port 5000',
  level: 'info',
  label: 'UM',
  timestamp: '2024-09-29T07:08:49.133Z'
}
{
  message: 'Database connected Successfully...',
  level: 'info',
  label: 'UM',
  timestamp: '2024-09-29T07:09:11.001Z'
}
{
  message: 'Example app listening on port 5000',
  level: 'info',
  label: 'UM',
  timestamp: '2024-09-29T07:09:11.009Z'
}
{
  message: 'Database connected Successfully...',
  level: 'info',
  label: 'UM',
  timestamp: '2024-09-29T07:09:27.354Z'
}
{
  message: 'Example app listening on port 5000',
  level: 'info',
  label: 'UM',
  timestamp: '2024-09-29T07:09:27.364Z'
}
{
  message: 'Database connected Successfully...',
  level: 'info',
  label: 'UM',
  timestamp: '2024-09-29T07:09:38.596Z'
}
{
  message: 'Example app listening on port 5000',
  level: 'info',
  label: 'UM',
  timestamp: '2024-09-29T07:09:38.604Z'
}
{
  message: 'Database connected Successfully...',
  level: 'info',
  label: 'UM',
  timestamp: '2024-09-29T07:09:41.352Z'
}
{
  message: 'Example app listening on port 5000',
  level: 'info',
  label: 'UM',
  timestamp: '2024-09-29T07:09:41.366Z'
}
{
  message: 'Database connected Successfully...',
  level: 'info',
  label: 'UM',
  timestamp: '2024-09-29T07:09:56.191Z'
}
{
  message: 'Example app listening on port 5000',
  level: 'info',
  label: 'UM',
  timestamp: '2024-09-29T07:09:56.201Z'
}
{
  message: 'Database connected Successfully...',
  level: 'info',
  label: 'UM',
  timestamp: '2024-09-29T07:10:03.985Z'
}
{
  message: 'Example app listening on port 5000',
  level: 'info',
  label: 'UM',
  timestamp: '2024-09-29T07:10:03.997Z'
}
{
  message: 'Database connected Successfully...',
  level: 'info',
  label: 'UM',
  timestamp: '2024-09-29T07:10:08.899Z'
}
{
  message: 'Example app listening on port 5000',
  level: 'info',
  label: 'UM',
  timestamp: '2024-09-29T07:10:08.913Z'
}
{
  message: 'Database connected Successfully...',
  level: 'info',
  label: 'UM',
  timestamp: '2024-09-29T07:10:14.534Z'
}
{
  message: 'Example app listening on port 5000',
  level: 'info',
  label: 'UM',
  timestamp: '2024-09-29T07:10:14.542Z'
}
{
  message: 'Database connected Successfully...',
  level: 'info',
  label: 'UM',
  timestamp: '2024-09-29T07:10:38.824Z'
}
{
  message: 'Example app listening on port 5000',
  level: 'info',
  label: 'UM',
  timestamp: '2024-09-29T07:10:38.835Z'
}
{
  message: 'Database connected Successfully...',
  level: 'info',
  label: 'UM',
  timestamp: '2024-09-29T07:10:42.290Z'
}
{
  message: 'Example app listening on port 5000',
  level: 'info',
  label: 'UM',
  timestamp: '2024-09-29T07:10:42.299Z'
}
{
  message: 'Database connected Successfully...',
  level: 'info',
  label: 'UM',
  timestamp: '2024-09-29T07:10:45.428Z'
}
{
  message: 'Example app listening on port 5000',
  level: 'info',
  label: 'UM',
  timestamp: '2024-09-29T07:10:45.438Z'
}
{
  message: 'Database connected Successfully...',
  level: 'info',
  label: 'UM',
  timestamp: '2024-09-29T07:10:48.474Z'
}
{
  message: 'Example app listening on port 5000',
  level: 'info',
  label: 'UM',
  timestamp: '2024-09-29T07:10:48.483Z'
}
{
  message: 'Database connected Successfully...',
  level: 'info',
  label: 'UM',
  timestamp: '2024-09-29T07:11:03.970Z'
}
{
  message: 'Example app listening on port 5000',
  level: 'info',
  label: 'UM',
  timestamp: '2024-09-29T07:11:03.978Z'
}
{
  message: 'Database connected Successfully...',
  level: 'info',
  label: 'UM',
  timestamp: '2024-09-29T07:11:50.351Z'
}
{
  message: 'Example app listening on port 5000',
  level: 'info',
  label: 'UM',
  timestamp: '2024-09-29T07:11:50.362Z'
}
{
  message: 'Database connected Successfully...',
  level: 'info',
  label: 'UM',
  timestamp: '2024-09-29T07:12:05.227Z'
}
{
  message: 'Example app listening on port 5000',
  level: 'info',
  label: 'UM',
  timestamp: '2024-09-29T07:12:05.237Z'
}
{
  message: 'Database connected Successfully...',
  level: 'info',
  label: 'UM',
  timestamp: '2024-09-29T07:12:23.249Z'
}
{
  message: 'Example app listening on port 5000',
  level: 'info',
  label: 'UM',
  timestamp: '2024-09-29T07:12:23.256Z'
}
{
  message: 'Database connected Successfully...',
  level: 'info',
  label: 'UM',
  timestamp: '2024-09-29T07:15:22.358Z'
}
{
  message: 'Example app listening on port 5000',
  level: 'info',
  label: 'UM',
  timestamp: '2024-09-29T07:15:22.366Z'
}
