{
  message: 'Database connected Successfully...',
  level: 'info',
  label: 'UM',
  timestamp: '2024-09-26T16:12:29.804Z'
}
{
  message: 'Example app listening on port 5000',
  level: 'info',
  label: 'UM',
  timestamp: '2024-09-26T16:12:29.824Z'
}
{
  message: 'Database connected Successfully...',
  level: 'info',
  label: 'UM',
  timestamp: '2024-09-26T16:25:54.748Z'
}
{
  message: 'Example app listening on port 5000',
  level: 'info',
  label: 'UM',
  timestamp: '2024-09-26T16:25:54.754Z'
}
{
  message: 'Database connected Successfully...',
  level: 'info',
  label: 'UM',
  timestamp: '2024-09-26T16:42:23.969Z'
}
{
  message: 'Example app listening on port 5000',
  level: 'info',
  label: 'UM',
  timestamp: '2024-09-26T16:42:23.976Z'
}
{
  message: 'Database connected Successfully...',
  level: 'info',
  label: 'UM',
  timestamp: '2024-09-26T16:42:27.524Z'
}
{
  message: 'Example app listening on port 5000',
  level: 'info',
  label: 'UM',
  timestamp: '2024-09-26T16:42:27.542Z'
}
