{
  message: 'Database connected Successfully...',
  level: 'info',
  label: 'UM',
  timestamp: '2024-09-27T06:07:51.510Z'
}
{
  message: 'Example app listening on port 5000',
  level: 'info',
  label: 'UM',
  timestamp: '2024-09-27T06:07:51.517Z'
}
{
  message: 'Database connected Successfully...',
  level: 'info',
  label: 'UM',
  timestamp: '2024-09-27T06:08:10.530Z'
}
{
  message: 'Example app listening on port 5000',
  level: 'info',
  label: 'UM',
  timestamp: '2024-09-27T06:08:10.544Z'
}
{
  message: 'Database connected Successfully...',
  level: 'info',
  label: 'UM',
  timestamp: '2024-09-27T06:08:15.636Z'
}
{
  message: 'Example app listening on port 5000',
  level: 'info',
  label: 'UM',
  timestamp: '2024-09-27T06:08:15.654Z'
}
{
  message: 'Database connected Successfully...',
  level: 'info',
  label: 'UM',
  timestamp: '2024-09-27T06:08:19.749Z'
}
{
  message: 'Example app listening on port 5000',
  level: 'info',
  label: 'UM',
  timestamp: '2024-09-27T06:08:19.757Z'
}
