{
  message: 'Database connected Successfully...',
  level: 'info',
  label: 'UM',
  timestamp: '2024-09-23T07:03:36.050Z'
}
{
  message: 'Example app listening on port 5000',
  level: 'info',
  label: 'UM',
  timestamp: '2024-09-23T07:03:36.057Z'
}
{
  message: 'Database connected Successfully...',
  level: 'info',
  label: 'UM',
  timestamp: '2024-09-23T07:03:39.357Z'
}
{
  message: 'Example app listening on port 5000',
  level: 'info',
  label: 'UM',
  timestamp: '2024-09-23T07:03:39.364Z'
}
{
  message: 'Database connected Successfully...',
  level: 'info',
  label: 'UM',
  timestamp: '2024-09-23T07:04:52.244Z'
}
{
  message: 'Example app listening on port 5000',
  level: 'info',
  label: 'UM',
  timestamp: '2024-09-23T07:04:52.251Z'
}
{
  message: 'Database connected Successfully...',
  level: 'info',
  label: 'UM',
  timestamp: '2024-09-23T07:05:27.807Z'
}
{
  message: 'Example app listening on port 5000',
  level: 'info',
  label: 'UM',
  timestamp: '2024-09-23T07:05:27.814Z'
}
{
  message: 'Database connected Successfully...',
  level: 'info',
  label: 'UM',
  timestamp: '2024-09-23T07:05:32.597Z'
}
{
  message: 'Example app listening on port 5000',
  level: 'info',
  label: 'UM',
  timestamp: '2024-09-23T07:05:32.606Z'
}
{
  message: 'Database connected Successfully...',
  level: 'info',
  label: 'UM',
  timestamp: '2024-09-23T07:06:52.448Z'
}
{
  message: 'Example app listening on port 5000',
  level: 'info',
  label: 'UM',
  timestamp: '2024-09-23T07:06:52.456Z'
}
{
  message: 'Database connected Successfully...',
  level: 'info',
  label: 'UM',
  timestamp: '2024-09-23T07:07:18.542Z'
}
{
  message: 'Example app listening on port 5000',
  level: 'info',
  label: 'UM',
  timestamp: '2024-09-23T07:07:18.558Z'
}
{
  message: 'Database connected Successfully...',
  level: 'info',
  label: 'UM',
  timestamp: '2024-09-23T07:07:29.279Z'
}
{
  message: 'Example app listening on port 5000',
  level: 'info',
  label: 'UM',
  timestamp: '2024-09-23T07:07:29.296Z'
}
{
  message: 'Database connected Successfully...',
  level: 'info',
  label: 'UM',
  timestamp: '2024-09-23T07:08:40.583Z'
}
{
  message: 'Example app listening on port 5000',
  level: 'info',
  label: 'UM',
  timestamp: '2024-09-23T07:08:40.601Z'
}
{
  message: 'Database connected Successfully...',
  level: 'info',
  label: 'UM',
  timestamp: '2024-09-23T07:08:46.711Z'
}
{
  message: 'Example app listening on port 5000',
  level: 'info',
  label: 'UM',
  timestamp: '2024-09-23T07:08:46.718Z'
}
